[2021-06-24T05:47:01.940Z][QUERY]: START TRANSACTION
[2021-06-24T05:47:01.944Z][QUERY]: SELECT * FROM current_schema()
[2021-06-24T05:47:02.168Z][QUERY]: SELECT TRUE FROM information_schema.columns WHERE table_name = 'pg_class' and column_name = 'relispartition'
[2021-06-24T05:47:02.994Z][QUERY]: SELECT * FROM "information_schema"."tables" WHERE ("table_schema" = 'public' AND "table_name" = 'column') OR ("table_schema" = 'public' AND "table_name" = 'board') OR ("table_schema" = 'public' AND "table_name" = 'task') OR ("table_schema" = 'public' AND "table_name" = 'user')
[2021-06-24T05:47:02.995Z][QUERY]: SELECT columns.*, pg_catalog.col_description(('"' || table_catalog || '"."' || table_schema || '"."' || table_name || '"')::regclass::oid, ordinal_position) AS description, ('"' || "udt_schema" || '"."' || "udt_name" || '"')::"regtype" AS "regtype", pg_catalog.format_type("col_attr"."atttypid", "col_attr"."atttypmod") AS "format_type" FROM "information_schema"."columns" LEFT JOIN "pg_catalog"."pg_attribute" AS "col_attr" ON "col_attr"."attname" = "columns"."column_name" AND "col_attr"."attrelid" = ( SELECT "cls"."oid" FROM "pg_catalog"."pg_class" AS "cls" LEFT JOIN "pg_catalog"."pg_namespace" AS "ns" ON "ns"."oid" = "cls"."relnamespace" WHERE "cls"."relname" = "columns"."table_name" AND "ns"."nspname" = "columns"."table_schema" ) WHERE ("table_schema" = 'public' AND "table_name" = 'column') OR ("table_schema" = 'public' AND "table_name" = 'board') OR ("table_schema" = 'public' AND "table_name" = 'task') OR ("table_schema" = 'public' AND "table_name" = 'user')
[2021-06-24T05:47:02.995Z][QUERY]: SELECT "ns"."nspname" AS "table_schema", "t"."relname" AS "table_name", "cnst"."conname" AS "constraint_name", pg_get_constraintdef("cnst"."oid") AS "expression", CASE "cnst"."contype" WHEN 'p' THEN 'PRIMARY' WHEN 'u' THEN 'UNIQUE' WHEN 'c' THEN 'CHECK' WHEN 'x' THEN 'EXCLUDE' END AS "constraint_type", "a"."attname" AS "column_name" FROM "pg_constraint" "cnst" INNER JOIN "pg_class" "t" ON "t"."oid" = "cnst"."conrelid" INNER JOIN "pg_namespace" "ns" ON "ns"."oid" = "cnst"."connamespace" LEFT JOIN "pg_attribute" "a" ON "a"."attrelid" = "cnst"."conrelid" AND "a"."attnum" = ANY ("cnst"."conkey") WHERE "t"."relkind" IN ('r', 'p') AND (("ns"."nspname" = 'public' AND "t"."relname" = 'column') OR ("ns"."nspname" = 'public' AND "t"."relname" = 'board') OR ("ns"."nspname" = 'public' AND "t"."relname" = 'task') OR ("ns"."nspname" = 'public' AND "t"."relname" = 'user'))
[2021-06-24T05:47:02.995Z][QUERY]: SELECT "ns"."nspname" AS "table_schema", "t"."relname" AS "table_name", "i"."relname" AS "constraint_name", "a"."attname" AS "column_name", CASE "ix"."indisunique" WHEN 't' THEN 'TRUE' ELSE'FALSE' END AS "is_unique", pg_get_expr("ix"."indpred", "ix"."indrelid") AS "condition", "types"."typname" AS "type_name" FROM "pg_class" "t" INNER JOIN "pg_index" "ix" ON "ix"."indrelid" = "t"."oid" INNER JOIN "pg_attribute" "a" ON "a"."attrelid" = "t"."oid"  AND "a"."attnum" = ANY ("ix"."indkey") INNER JOIN "pg_namespace" "ns" ON "ns"."oid" = "t"."relnamespace" INNER JOIN "pg_class" "i" ON "i"."oid" = "ix"."indexrelid" INNER JOIN "pg_type" "types" ON "types"."oid" = "a"."atttypid" LEFT JOIN "pg_constraint" "cnst" ON "cnst"."conname" = "i"."relname" WHERE "t"."relkind" IN ('r', 'p') AND "cnst"."contype" IS NULL AND (("ns"."nspname" = 'public' AND "t"."relname" = 'column') OR ("ns"."nspname" = 'public' AND "t"."relname" = 'board') OR ("ns"."nspname" = 'public' AND "t"."relname" = 'task') OR ("ns"."nspname" = 'public' AND "t"."relname" = 'user'))
[2021-06-24T05:47:02.996Z][QUERY]: SELECT "con"."conname" AS "constraint_name", "con"."nspname" AS "table_schema", "con"."relname" AS "table_name", "att2"."attname" AS "column_name", "ns"."nspname" AS "referenced_table_schema", "cl"."relname" AS "referenced_table_name", "att"."attname" AS "referenced_column_name", "con"."confdeltype" AS "on_delete", "con"."confupdtype" AS "on_update", "con"."condeferrable" AS "deferrable", "con"."condeferred" AS "deferred" FROM ( SELECT UNNEST ("con1"."conkey") AS "parent", UNNEST ("con1"."confkey") AS "child", "con1"."confrelid", "con1"."conrelid", "con1"."conname", "con1"."contype", "ns"."nspname", "cl"."relname", "con1"."condeferrable", CASE WHEN "con1"."condeferred" THEN 'INITIALLY DEFERRED' ELSE 'INITIALLY IMMEDIATE' END as condeferred, CASE "con1"."confdeltype" WHEN 'a' THEN 'NO ACTION' WHEN 'r' THEN 'RESTRICT' WHEN 'c' THEN 'CASCADE' WHEN 'n' THEN 'SET NULL' WHEN 'd' THEN 'SET DEFAULT' END as "confdeltype", CASE "con1"."confupdtype" WHEN 'a' THEN 'NO ACTION' WHEN 'r' THEN 'RESTRICT' WHEN 'c' THEN 'CASCADE' WHEN 'n' THEN 'SET NULL' WHEN 'd' THEN 'SET DEFAULT' END as "confupdtype" FROM "pg_class" "cl" INNER JOIN "pg_namespace" "ns" ON "cl"."relnamespace" = "ns"."oid" INNER JOIN "pg_constraint" "con1" ON "con1"."conrelid" = "cl"."oid" WHERE "con1"."contype" = 'f' AND (("ns"."nspname" = 'public' AND "cl"."relname" = 'column') OR ("ns"."nspname" = 'public' AND "cl"."relname" = 'board') OR ("ns"."nspname" = 'public' AND "cl"."relname" = 'task') OR ("ns"."nspname" = 'public' AND "cl"."relname" = 'user')) ) "con" INNER JOIN "pg_attribute" "att" ON "att"."attrelid" = "con"."confrelid" AND "att"."attnum" = "con"."child" INNER JOIN "pg_class" "cl" ON "cl"."oid" = "con"."confrelid"  AND "cl"."relispartition" = 'f'INNER JOIN "pg_namespace" "ns" ON "cl"."relnamespace" = "ns"."oid" INNER JOIN "pg_attribute" "att2" ON "att2"."attrelid" = "con"."conrelid" AND "att2"."attnum" = "con"."parent"
[2021-06-24T05:47:03.606Z][QUERY]: SELECT * FROM "information_schema"."tables" WHERE "table_schema" = current_schema() AND "table_name" = 'typeorm_metadata'
[2021-06-24T05:47:03.609Z][QUERY]: SELECT * FROM current_schema()
[2021-06-24T05:47:03.613Z][QUERY]: COMMIT
[2021-06-24T05:47:20.111Z][QUERY]: SELECT "User"."name" AS "User_name", "User"."login" AS "User_login", "User"."password" AS "User_password", "User"."id" AS "User_id" FROM "user" "User"
[2021-06-24T05:48:18.942Z][QUERY]: START TRANSACTION
[2021-06-24T05:48:18.944Z][QUERY]: SELECT * FROM current_schema()
[2021-06-24T05:48:18.945Z][QUERY]: SELECT TRUE FROM information_schema.columns WHERE table_name = 'pg_class' and column_name = 'relispartition'
[2021-06-24T05:48:18.952Z][QUERY]: SELECT * FROM "information_schema"."tables" WHERE ("table_schema" = 'public' AND "table_name" = 'column') OR ("table_schema" = 'public' AND "table_name" = 'board') OR ("table_schema" = 'public' AND "table_name" = 'task') OR ("table_schema" = 'public' AND "table_name" = 'user')
[2021-06-24T05:48:18.952Z][QUERY]: SELECT columns.*, pg_catalog.col_description(('"' || table_catalog || '"."' || table_schema || '"."' || table_name || '"')::regclass::oid, ordinal_position) AS description, ('"' || "udt_schema" || '"."' || "udt_name" || '"')::"regtype" AS "regtype", pg_catalog.format_type("col_attr"."atttypid", "col_attr"."atttypmod") AS "format_type" FROM "information_schema"."columns" LEFT JOIN "pg_catalog"."pg_attribute" AS "col_attr" ON "col_attr"."attname" = "columns"."column_name" AND "col_attr"."attrelid" = ( SELECT "cls"."oid" FROM "pg_catalog"."pg_class" AS "cls" LEFT JOIN "pg_catalog"."pg_namespace" AS "ns" ON "ns"."oid" = "cls"."relnamespace" WHERE "cls"."relname" = "columns"."table_name" AND "ns"."nspname" = "columns"."table_schema" ) WHERE ("table_schema" = 'public' AND "table_name" = 'column') OR ("table_schema" = 'public' AND "table_name" = 'board') OR ("table_schema" = 'public' AND "table_name" = 'task') OR ("table_schema" = 'public' AND "table_name" = 'user')
[2021-06-24T05:48:18.952Z][QUERY]: SELECT "ns"."nspname" AS "table_schema", "t"."relname" AS "table_name", "cnst"."conname" AS "constraint_name", pg_get_constraintdef("cnst"."oid") AS "expression", CASE "cnst"."contype" WHEN 'p' THEN 'PRIMARY' WHEN 'u' THEN 'UNIQUE' WHEN 'c' THEN 'CHECK' WHEN 'x' THEN 'EXCLUDE' END AS "constraint_type", "a"."attname" AS "column_name" FROM "pg_constraint" "cnst" INNER JOIN "pg_class" "t" ON "t"."oid" = "cnst"."conrelid" INNER JOIN "pg_namespace" "ns" ON "ns"."oid" = "cnst"."connamespace" LEFT JOIN "pg_attribute" "a" ON "a"."attrelid" = "cnst"."conrelid" AND "a"."attnum" = ANY ("cnst"."conkey") WHERE "t"."relkind" IN ('r', 'p') AND (("ns"."nspname" = 'public' AND "t"."relname" = 'column') OR ("ns"."nspname" = 'public' AND "t"."relname" = 'board') OR ("ns"."nspname" = 'public' AND "t"."relname" = 'task') OR ("ns"."nspname" = 'public' AND "t"."relname" = 'user'))
[2021-06-24T05:48:18.953Z][QUERY]: SELECT "ns"."nspname" AS "table_schema", "t"."relname" AS "table_name", "i"."relname" AS "constraint_name", "a"."attname" AS "column_name", CASE "ix"."indisunique" WHEN 't' THEN 'TRUE' ELSE'FALSE' END AS "is_unique", pg_get_expr("ix"."indpred", "ix"."indrelid") AS "condition", "types"."typname" AS "type_name" FROM "pg_class" "t" INNER JOIN "pg_index" "ix" ON "ix"."indrelid" = "t"."oid" INNER JOIN "pg_attribute" "a" ON "a"."attrelid" = "t"."oid"  AND "a"."attnum" = ANY ("ix"."indkey") INNER JOIN "pg_namespace" "ns" ON "ns"."oid" = "t"."relnamespace" INNER JOIN "pg_class" "i" ON "i"."oid" = "ix"."indexrelid" INNER JOIN "pg_type" "types" ON "types"."oid" = "a"."atttypid" LEFT JOIN "pg_constraint" "cnst" ON "cnst"."conname" = "i"."relname" WHERE "t"."relkind" IN ('r', 'p') AND "cnst"."contype" IS NULL AND (("ns"."nspname" = 'public' AND "t"."relname" = 'column') OR ("ns"."nspname" = 'public' AND "t"."relname" = 'board') OR ("ns"."nspname" = 'public' AND "t"."relname" = 'task') OR ("ns"."nspname" = 'public' AND "t"."relname" = 'user'))
[2021-06-24T05:48:18.953Z][QUERY]: SELECT "con"."conname" AS "constraint_name", "con"."nspname" AS "table_schema", "con"."relname" AS "table_name", "att2"."attname" AS "column_name", "ns"."nspname" AS "referenced_table_schema", "cl"."relname" AS "referenced_table_name", "att"."attname" AS "referenced_column_name", "con"."confdeltype" AS "on_delete", "con"."confupdtype" AS "on_update", "con"."condeferrable" AS "deferrable", "con"."condeferred" AS "deferred" FROM ( SELECT UNNEST ("con1"."conkey") AS "parent", UNNEST ("con1"."confkey") AS "child", "con1"."confrelid", "con1"."conrelid", "con1"."conname", "con1"."contype", "ns"."nspname", "cl"."relname", "con1"."condeferrable", CASE WHEN "con1"."condeferred" THEN 'INITIALLY DEFERRED' ELSE 'INITIALLY IMMEDIATE' END as condeferred, CASE "con1"."confdeltype" WHEN 'a' THEN 'NO ACTION' WHEN 'r' THEN 'RESTRICT' WHEN 'c' THEN 'CASCADE' WHEN 'n' THEN 'SET NULL' WHEN 'd' THEN 'SET DEFAULT' END as "confdeltype", CASE "con1"."confupdtype" WHEN 'a' THEN 'NO ACTION' WHEN 'r' THEN 'RESTRICT' WHEN 'c' THEN 'CASCADE' WHEN 'n' THEN 'SET NULL' WHEN 'd' THEN 'SET DEFAULT' END as "confupdtype" FROM "pg_class" "cl" INNER JOIN "pg_namespace" "ns" ON "cl"."relnamespace" = "ns"."oid" INNER JOIN "pg_constraint" "con1" ON "con1"."conrelid" = "cl"."oid" WHERE "con1"."contype" = 'f' AND (("ns"."nspname" = 'public' AND "cl"."relname" = 'column') OR ("ns"."nspname" = 'public' AND "cl"."relname" = 'board') OR ("ns"."nspname" = 'public' AND "cl"."relname" = 'task') OR ("ns"."nspname" = 'public' AND "cl"."relname" = 'user')) ) "con" INNER JOIN "pg_attribute" "att" ON "att"."attrelid" = "con"."confrelid" AND "att"."attnum" = "con"."child" INNER JOIN "pg_class" "cl" ON "cl"."oid" = "con"."confrelid"  AND "cl"."relispartition" = 'f'INNER JOIN "pg_namespace" "ns" ON "cl"."relnamespace" = "ns"."oid" INNER JOIN "pg_attribute" "att2" ON "att2"."attrelid" = "con"."conrelid" AND "att2"."attnum" = "con"."parent"
[2021-06-24T05:48:18.971Z][QUERY]: SELECT * FROM "information_schema"."tables" WHERE "table_schema" = current_schema() AND "table_name" = 'typeorm_metadata'
[2021-06-24T05:48:18.974Z][QUERY]: SELECT * FROM current_schema()
[2021-06-24T05:48:18.978Z][QUERY]: COMMIT
[2021-06-24T05:48:52.963Z][QUERY]: START TRANSACTION
[2021-06-24T05:48:52.967Z][QUERY]: INSERT INTO "board"("title", "id") VALUES ($1, DEFAULT) RETURNING "title", "id" -- PARAMETERS: ["Autotest board"]
[2021-06-24T05:48:53.116Z][QUERY]: INSERT INTO "column"("title", "order", "boardId", "id") VALUES ($1, $2, $3, DEFAULT), ($4, $5, $6, DEFAULT) RETURNING "title", "order", "id" -- PARAMETERS: ["Backlog",1,"63151e27-177c-444d-a455-867900eb1674","Sprint",2,"63151e27-177c-444d-a455-867900eb1674"]
[2021-06-24T05:48:53.155Z][QUERY]: COMMIT
[2021-06-24T05:48:53.194Z][QUERY]: SELECT "Board"."title" AS "Board_title", "Board"."id" AS "Board_id", "Board_columns"."title" AS "Board_columns_title", "Board_columns"."order" AS "Board_columns_order", "Board_columns"."boardId" AS "Board_columns_boardId", "Board_columns"."id" AS "Board_columns_id" FROM "board" "Board" LEFT JOIN "column" "Board_columns" ON "Board_columns"."boardId"="Board"."id"
[2021-06-24T05:48:53.215Z][QUERY]: SELECT "Board"."title" AS "Board_title", "Board"."id" AS "Board_id", "Board_columns"."title" AS "Board_columns_title", "Board_columns"."order" AS "Board_columns_order", "Board_columns"."boardId" AS "Board_columns_boardId", "Board_columns"."id" AS "Board_columns_id" FROM "board" "Board" LEFT JOIN "column" "Board_columns" ON "Board_columns"."boardId"="Board"."id"
[2021-06-24T05:48:53.226Z][QUERY]: SELECT "Board"."title" AS "Board_title", "Board"."id" AS "Board_id", "Board_columns"."title" AS "Board_columns_title", "Board_columns"."order" AS "Board_columns_order", "Board_columns"."boardId" AS "Board_columns_boardId", "Board_columns"."id" AS "Board_columns_id" FROM "board" "Board" LEFT JOIN "column" "Board_columns" ON "Board_columns"."boardId"="Board"."id" WHERE "Board"."id" IN ($1) -- PARAMETERS: ["63151e27-177c-444d-a455-867900eb1674"]
[2021-06-24T05:48:53.236Z][QUERY]: START TRANSACTION
[2021-06-24T05:48:53.238Z][QUERY]: INSERT INTO "board"("title", "id") VALUES ($1, DEFAULT) RETURNING "title", "id" -- PARAMETERS: ["Autotest board"]
[2021-06-24T05:48:53.240Z][QUERY]: INSERT INTO "column"("title", "order", "boardId", "id") VALUES ($1, $2, $3, DEFAULT), ($4, $5, $6, DEFAULT) RETURNING "title", "order", "id" -- PARAMETERS: ["Backlog",1,"930a7b1c-178c-4be8-89d6-2d1efad8cc9c","Sprint",2,"930a7b1c-178c-4be8-89d6-2d1efad8cc9c"]
[2021-06-24T05:48:53.243Z][QUERY]: COMMIT
[2021-06-24T05:48:53.250Z][QUERY]: DELETE FROM "board" WHERE "id" IN ($1) -- PARAMETERS: ["930a7b1c-178c-4be8-89d6-2d1efad8cc9c"]
[2021-06-24T05:48:53.271Z][QUERY]: START TRANSACTION
[2021-06-24T05:48:53.271Z][QUERY]: INSERT INTO "board"("title", "id") VALUES ($1, DEFAULT) RETURNING "title", "id" -- PARAMETERS: ["Autotest board"]
[2021-06-24T05:48:53.273Z][QUERY]: INSERT INTO "column"("title", "order", "boardId", "id") VALUES ($1, $2, $3, DEFAULT), ($4, $5, $6, DEFAULT) RETURNING "title", "order", "id" -- PARAMETERS: ["Backlog",1,"5070877c-960b-4325-8797-97b2b72ab314","Sprint",2,"5070877c-960b-4325-8797-97b2b72ab314"]
[2021-06-24T05:48:53.274Z][QUERY]: COMMIT
[2021-06-24T05:48:53.280Z][QUERY]: SELECT "Board"."title" AS "Board_title", "Board"."id" AS "Board_id" FROM "board" "Board" WHERE "Board"."id" IN ($1) -- PARAMETERS: ["5070877c-960b-4325-8797-97b2b72ab314"]
[2021-06-24T05:48:53.280Z][QUERY]: SELECT "ColumnBoard"."title" AS "ColumnBoard_title", "ColumnBoard"."order" AS "ColumnBoard_order", "ColumnBoard"."boardId" AS "ColumnBoard_boardId", "ColumnBoard"."id" AS "ColumnBoard_id" FROM "column" "ColumnBoard" WHERE "ColumnBoard"."id" IN ($1, $2) -- PARAMETERS: ["957e0533-9542-4697-ad00-22ab70c66183","0e8f835c-d1f2-4463-9c17-96dabd805bf6"]
[2021-06-24T05:48:53.282Z][QUERY]: SELECT "column"."boardId" AS "boardId", "column"."id" AS "id" FROM "column" "column" WHERE (("column"."boardId" = $1)) -- PARAMETERS: ["5070877c-960b-4325-8797-97b2b72ab314"]
[2021-06-24T05:48:53.284Z][QUERY]: START TRANSACTION
[2021-06-24T05:48:53.286Z][QUERY]: UPDATE "board" SET "title" = $2 WHERE "id" IN ($1) -- PARAMETERS: ["5070877c-960b-4325-8797-97b2b72ab314","Autotest updated board"]
[2021-06-24T05:48:53.287Z][QUERY]: COMMIT
[2021-06-24T05:48:53.291Z][QUERY]: SELECT "Board"."title" AS "Board_title", "Board"."id" AS "Board_id", "Board_columns"."title" AS "Board_columns_title", "Board_columns"."order" AS "Board_columns_order", "Board_columns"."boardId" AS "Board_columns_boardId", "Board_columns"."id" AS "Board_columns_id" FROM "board" "Board" LEFT JOIN "column" "Board_columns" ON "Board_columns"."boardId"="Board"."id" WHERE "Board"."id" IN ($1) -- PARAMETERS: ["5070877c-960b-4325-8797-97b2b72ab314"]
[2021-06-24T05:48:53.295Z][QUERY]: DELETE FROM "board" WHERE "id" IN ($1) -- PARAMETERS: ["5070877c-960b-4325-8797-97b2b72ab314"]
[2021-06-24T05:48:53.300Z][QUERY]: START TRANSACTION
[2021-06-24T05:48:53.300Z][QUERY]: INSERT INTO "board"("title", "id") VALUES ($1, DEFAULT) RETURNING "title", "id" -- PARAMETERS: ["Autotest board"]
[2021-06-24T05:48:53.301Z][QUERY]: INSERT INTO "column"("title", "order", "boardId", "id") VALUES ($1, $2, $3, DEFAULT), ($4, $5, $6, DEFAULT) RETURNING "title", "order", "id" -- PARAMETERS: ["Backlog",1,"fd60e5a1-1c76-4a45-9da5-328739eb50b3","Sprint",2,"fd60e5a1-1c76-4a45-9da5-328739eb50b3"]
[2021-06-24T05:48:53.303Z][QUERY]: COMMIT
[2021-06-24T05:48:53.306Z][QUERY]: DELETE FROM "board" WHERE "id" IN ($1) -- PARAMETERS: ["fd60e5a1-1c76-4a45-9da5-328739eb50b3"]
[2021-06-24T05:48:53.310Z][QUERY]: SELECT "Board"."title" AS "Board_title", "Board"."id" AS "Board_id", "Board_columns"."title" AS "Board_columns_title", "Board_columns"."order" AS "Board_columns_order", "Board_columns"."boardId" AS "Board_columns_boardId", "Board_columns"."id" AS "Board_columns_id" FROM "board" "Board" LEFT JOIN "column" "Board_columns" ON "Board_columns"."boardId"="Board"."id" WHERE "Board"."id" IN ($1) -- PARAMETERS: ["fd60e5a1-1c76-4a45-9da5-328739eb50b3"]
[2021-06-24T05:48:53.314Z][QUERY]: START TRANSACTION
[2021-06-24T05:48:53.315Z][QUERY]: INSERT INTO "board"("title", "id") VALUES ($1, DEFAULT) RETURNING "title", "id" -- PARAMETERS: ["Autotest board"]
[2021-06-24T05:48:53.316Z][QUERY]: INSERT INTO "column"("title", "order", "boardId", "id") VALUES ($1, $2, $3, DEFAULT), ($4, $5, $6, DEFAULT) RETURNING "title", "order", "id" -- PARAMETERS: ["Backlog",1,"2ae9e63a-0938-4f28-bd7b-def475d173de","Sprint",2,"2ae9e63a-0938-4f28-bd7b-def475d173de"]
[2021-06-24T05:48:53.317Z][QUERY]: COMMIT
[2021-06-24T05:48:53.325Z][QUERY]: START TRANSACTION
[2021-06-24T05:48:53.330Z][QUERY]: INSERT INTO "task"("title", "order", "description", "userId", "boardId", "columnId", "id") VALUES ($1, $2, $3, $4, $5, $6, DEFAULT) RETURNING "title", "order", "description", "id" -- PARAMETERS: ["Task #1",1,"Lorem ipsum",null,"2ae9e63a-0938-4f28-bd7b-def475d173de",null]
[2021-06-24T05:48:53.332Z][QUERY]: COMMIT
[2021-06-24T05:48:53.444Z][QUERY]: START TRANSACTION
[2021-06-24T05:48:53.445Z][QUERY]: START TRANSACTION
[2021-06-24T05:48:53.445Z][QUERY]: START TRANSACTION
[2021-06-24T05:48:53.446Z][QUERY]: INSERT INTO "task"("title", "order", "description", "userId", "boardId", "columnId", "id") VALUES ($1, $2, $3, $4, $5, $6, DEFAULT) RETURNING "title", "order", "description", "id" -- PARAMETERS: ["Task #3",3,"Lorem ipsum",null,"2ae9e63a-0938-4f28-bd7b-def475d173de",null]
[2021-06-24T05:48:53.446Z][QUERY]: START TRANSACTION
[2021-06-24T05:48:53.447Z][QUERY]: INSERT INTO "task"("title", "order", "description", "userId", "boardId", "columnId", "id") VALUES ($1, $2, $3, $4, $5, $6, DEFAULT) RETURNING "title", "order", "description", "id" -- PARAMETERS: ["Task #2",2,"Lorem ipsum",null,"2ae9e63a-0938-4f28-bd7b-def475d173de",null]
[2021-06-24T05:48:53.448Z][QUERY]: INSERT INTO "task"("title", "order", "description", "userId", "boardId", "columnId", "id") VALUES ($1, $2, $3, $4, $5, $6, DEFAULT) RETURNING "title", "order", "description", "id" -- PARAMETERS: ["Task #5",5,"Lorem ipsum",null,"2ae9e63a-0938-4f28-bd7b-def475d173de",null]
[2021-06-24T05:48:53.449Z][QUERY]: INSERT INTO "task"("title", "order", "description", "userId", "boardId", "columnId", "id") VALUES ($1, $2, $3, $4, $5, $6, DEFAULT) RETURNING "title", "order", "description", "id" -- PARAMETERS: ["Task #4",4,"Lorem ipsum",null,"2ae9e63a-0938-4f28-bd7b-def475d173de",null]
[2021-06-24T05:48:53.451Z][QUERY]: COMMIT
[2021-06-24T05:48:53.452Z][QUERY]: COMMIT
[2021-06-24T05:48:53.453Z][QUERY]: COMMIT
[2021-06-24T05:48:53.455Z][QUERY]: COMMIT
[2021-06-24T05:48:53.463Z][QUERY]: SELECT "Task"."title" AS "Task_title", "Task"."order" AS "Task_order", "Task"."description" AS "Task_description", "Task"."userId" AS "Task_userId", "Task"."boardId" AS "Task_boardId", "Task"."columnId" AS "Task_columnId", "Task"."id" AS "Task_id" FROM "task" "Task" WHERE "Task"."boardId" = $1 AND "Task"."id" = $2 LIMIT 1 -- PARAMETERS: ["2ae9e63a-0938-4f28-bd7b-def475d173de","ef6c7cc2-c01e-41fd-a1e0-99c1a7551772"]
[2021-06-24T05:48:53.464Z][QUERY]: SELECT "Task"."title" AS "Task_title", "Task"."order" AS "Task_order", "Task"."description" AS "Task_description", "Task"."userId" AS "Task_userId", "Task"."boardId" AS "Task_boardId", "Task"."columnId" AS "Task_columnId", "Task"."id" AS "Task_id" FROM "task" "Task" WHERE "Task"."boardId" = $1 AND "Task"."id" = $2 LIMIT 1 -- PARAMETERS: ["2ae9e63a-0938-4f28-bd7b-def475d173de","93d3901c-9b09-4f82-b424-86e8cde40d8e"]
[2021-06-24T05:48:53.465Z][QUERY]: SELECT "Task"."title" AS "Task_title", "Task"."order" AS "Task_order", "Task"."description" AS "Task_description", "Task"."userId" AS "Task_userId", "Task"."boardId" AS "Task_boardId", "Task"."columnId" AS "Task_columnId", "Task"."id" AS "Task_id" FROM "task" "Task" WHERE "Task"."boardId" = $1 AND "Task"."id" = $2 LIMIT 1 -- PARAMETERS: ["2ae9e63a-0938-4f28-bd7b-def475d173de","6ea7a1de-b7d2-47e2-9d9d-a27d69bfc782"]
[2021-06-24T05:48:53.466Z][QUERY]: SELECT "Task"."title" AS "Task_title", "Task"."order" AS "Task_order", "Task"."description" AS "Task_description", "Task"."userId" AS "Task_userId", "Task"."boardId" AS "Task_boardId", "Task"."columnId" AS "Task_columnId", "Task"."id" AS "Task_id" FROM "task" "Task" WHERE "Task"."boardId" = $1 AND "Task"."id" = $2 LIMIT 1 -- PARAMETERS: ["2ae9e63a-0938-4f28-bd7b-def475d173de","ddceb26d-5ac0-4fd9-83ef-44142aebd123"]
[2021-06-24T05:48:53.467Z][QUERY]: SELECT "Task"."title" AS "Task_title", "Task"."order" AS "Task_order", "Task"."description" AS "Task_description", "Task"."userId" AS "Task_userId", "Task"."boardId" AS "Task_boardId", "Task"."columnId" AS "Task_columnId", "Task"."id" AS "Task_id" FROM "task" "Task" WHERE "Task"."boardId" = $1 AND "Task"."id" = $2 LIMIT 1 -- PARAMETERS: ["2ae9e63a-0938-4f28-bd7b-def475d173de","792802b5-ff43-441c-b319-ea67630d513a"]
[2021-06-24T05:48:53.473Z][QUERY]: DELETE FROM "board" WHERE "id" IN ($1) -- PARAMETERS: ["2ae9e63a-0938-4f28-bd7b-def475d173de"]
[2021-06-24T05:48:53.479Z][QUERY]: SELECT "Task"."title" AS "Task_title", "Task"."order" AS "Task_order", "Task"."description" AS "Task_description", "Task"."userId" AS "Task_userId", "Task"."boardId" AS "Task_boardId", "Task"."columnId" AS "Task_columnId", "Task"."id" AS "Task_id" FROM "task" "Task" WHERE "Task"."boardId" = $1 AND "Task"."id" = $2 LIMIT 1 -- PARAMETERS: ["2ae9e63a-0938-4f28-bd7b-def475d173de","ef6c7cc2-c01e-41fd-a1e0-99c1a7551772"]
[2021-06-24T05:48:53.481Z][QUERY]: SELECT "Task"."title" AS "Task_title", "Task"."order" AS "Task_order", "Task"."description" AS "Task_description", "Task"."userId" AS "Task_userId", "Task"."boardId" AS "Task_boardId", "Task"."columnId" AS "Task_columnId", "Task"."id" AS "Task_id" FROM "task" "Task" WHERE "Task"."boardId" = $1 AND "Task"."id" = $2 LIMIT 1 -- PARAMETERS: ["2ae9e63a-0938-4f28-bd7b-def475d173de","93d3901c-9b09-4f82-b424-86e8cde40d8e"]
[2021-06-24T05:48:53.482Z][QUERY]: SELECT "Task"."title" AS "Task_title", "Task"."order" AS "Task_order", "Task"."description" AS "Task_description", "Task"."userId" AS "Task_userId", "Task"."boardId" AS "Task_boardId", "Task"."columnId" AS "Task_columnId", "Task"."id" AS "Task_id" FROM "task" "Task" WHERE "Task"."boardId" = $1 AND "Task"."id" = $2 LIMIT 1 -- PARAMETERS: ["2ae9e63a-0938-4f28-bd7b-def475d173de","6ea7a1de-b7d2-47e2-9d9d-a27d69bfc782"]
[2021-06-24T05:48:53.482Z][QUERY]: SELECT "Task"."title" AS "Task_title", "Task"."order" AS "Task_order", "Task"."description" AS "Task_description", "Task"."userId" AS "Task_userId", "Task"."boardId" AS "Task_boardId", "Task"."columnId" AS "Task_columnId", "Task"."id" AS "Task_id" FROM "task" "Task" WHERE "Task"."boardId" = $1 AND "Task"."id" = $2 LIMIT 1 -- PARAMETERS: ["2ae9e63a-0938-4f28-bd7b-def475d173de","ddceb26d-5ac0-4fd9-83ef-44142aebd123"]
[2021-06-24T05:48:53.484Z][QUERY]: SELECT "Task"."title" AS "Task_title", "Task"."order" AS "Task_order", "Task"."description" AS "Task_description", "Task"."userId" AS "Task_userId", "Task"."boardId" AS "Task_boardId", "Task"."columnId" AS "Task_columnId", "Task"."id" AS "Task_id" FROM "task" "Task" WHERE "Task"."boardId" = $1 AND "Task"."id" = $2 LIMIT 1 -- PARAMETERS: ["2ae9e63a-0938-4f28-bd7b-def475d173de","792802b5-ff43-441c-b319-ea67630d513a"]
[2021-06-24T05:48:53.490Z][QUERY]: DELETE FROM "board" WHERE "id" IN ($1) -- PARAMETERS: ["63151e27-177c-444d-a455-867900eb1674"]
[2021-06-24T05:48:53.839Z][QUERY]: START TRANSACTION
[2021-06-24T05:48:53.840Z][QUERY]: INSERT INTO "board"("title", "id") VALUES ($1, DEFAULT) RETURNING "title", "id" -- PARAMETERS: ["Autotest board"]
[2021-06-24T05:48:53.842Z][QUERY]: INSERT INTO "column"("title", "order", "boardId", "id") VALUES ($1, $2, $3, DEFAULT), ($4, $5, $6, DEFAULT) RETURNING "title", "order", "id" -- PARAMETERS: ["Backlog",1,"bba47eda-dc05-495c-be65-aa030a8897ec","Sprint",2,"bba47eda-dc05-495c-be65-aa030a8897ec"]
[2021-06-24T05:48:53.846Z][QUERY]: COMMIT
[2021-06-24T05:48:53.852Z][QUERY]: START TRANSACTION
[2021-06-24T05:48:53.852Z][QUERY]: INSERT INTO "task"("title", "order", "description", "userId", "boardId", "columnId", "id") VALUES ($1, $2, $3, $4, $5, $6, DEFAULT) RETURNING "title", "order", "description", "id" -- PARAMETERS: ["Autotest task",0,"Lorem ipsum",null,"bba47eda-dc05-495c-be65-aa030a8897ec",null]
[2021-06-24T05:48:53.853Z][QUERY]: COMMIT
[2021-06-24T05:48:53.860Z][QUERY]: SELECT "Task"."title" AS "Task_title", "Task"."order" AS "Task_order", "Task"."description" AS "Task_description", "Task"."userId" AS "Task_userId", "Task"."boardId" AS "Task_boardId", "Task"."columnId" AS "Task_columnId", "Task"."id" AS "Task_id" FROM "task" "Task" WHERE "Task"."boardId" = $1 -- PARAMETERS: ["bba47eda-dc05-495c-be65-aa030a8897ec"]
[2021-06-24T05:48:53.869Z][QUERY]: SELECT "Task"."title" AS "Task_title", "Task"."order" AS "Task_order", "Task"."description" AS "Task_description", "Task"."userId" AS "Task_userId", "Task"."boardId" AS "Task_boardId", "Task"."columnId" AS "Task_columnId", "Task"."id" AS "Task_id" FROM "task" "Task" WHERE "Task"."boardId" = $1 -- PARAMETERS: ["bba47eda-dc05-495c-be65-aa030a8897ec"]
[2021-06-24T05:48:53.873Z][QUERY]: SELECT "Task"."title" AS "Task_title", "Task"."order" AS "Task_order", "Task"."description" AS "Task_description", "Task"."userId" AS "Task_userId", "Task"."boardId" AS "Task_boardId", "Task"."columnId" AS "Task_columnId", "Task"."id" AS "Task_id" FROM "task" "Task" WHERE "Task"."boardId" = $1 AND "Task"."id" = $2 LIMIT 1 -- PARAMETERS: ["bba47eda-dc05-495c-be65-aa030a8897ec","288f40f4-4752-4d53-81ee-5781c6619eb5"]
[2021-06-24T05:48:53.877Z][QUERY]: START TRANSACTION
[2021-06-24T05:48:53.877Z][QUERY]: INSERT INTO "task"("title", "order", "description", "userId", "boardId", "columnId", "id") VALUES ($1, $2, $3, $4, $5, $6, DEFAULT) RETURNING "title", "order", "description", "id" -- PARAMETERS: ["Autotest task",0,"Lorem ipsum",null,"bba47eda-dc05-495c-be65-aa030a8897ec",null]
[2021-06-24T05:48:53.878Z][QUERY]: COMMIT
[2021-06-24T05:48:53.882Z][QUERY]: DELETE FROM "task" WHERE "id" = $1 -- PARAMETERS: ["32090476-23c7-4485-92b6-6d545fa519cc"]
[2021-06-24T05:48:53.885Z][QUERY]: START TRANSACTION
[2021-06-24T05:48:53.886Z][QUERY]: INSERT INTO "task"("title", "order", "description", "userId", "boardId", "columnId", "id") VALUES ($1, $2, $3, $4, $5, $6, DEFAULT) RETURNING "title", "order", "description", "id" -- PARAMETERS: ["Autotest task",0,"Lorem ipsum",null,"bba47eda-dc05-495c-be65-aa030a8897ec",null]
[2021-06-24T05:48:53.887Z][QUERY]: COMMIT
[2021-06-24T05:48:53.891Z][QUERY]: SELECT "Task"."title" AS "Task_title", "Task"."order" AS "Task_order", "Task"."description" AS "Task_description", "Task"."userId" AS "Task_userId", "Task"."boardId" AS "Task_boardId", "Task"."columnId" AS "Task_columnId", "Task"."id" AS "Task_id" FROM "task" "Task" WHERE "Task"."id" IN ($1) -- PARAMETERS: ["277325f7-dbe0-47c9-9220-8f0c5b8477de"]
[2021-06-24T05:48:53.892Z][QUERY]: START TRANSACTION
[2021-06-24T05:48:53.892Z][QUERY]: UPDATE "task" SET "title" = $2 WHERE "id" IN ($1) -- PARAMETERS: ["277325f7-dbe0-47c9-9220-8f0c5b8477de","Autotest updated task"]
[2021-06-24T05:48:53.893Z][QUERY]: COMMIT
[2021-06-24T05:48:53.896Z][QUERY]: SELECT "Task"."title" AS "Task_title", "Task"."order" AS "Task_order", "Task"."description" AS "Task_description", "Task"."userId" AS "Task_userId", "Task"."boardId" AS "Task_boardId", "Task"."columnId" AS "Task_columnId", "Task"."id" AS "Task_id" FROM "task" "Task" WHERE "Task"."boardId" = $1 AND "Task"."id" = $2 LIMIT 1 -- PARAMETERS: ["bba47eda-dc05-495c-be65-aa030a8897ec","277325f7-dbe0-47c9-9220-8f0c5b8477de"]
[2021-06-24T05:48:53.900Z][QUERY]: SELECT "Task"."title" AS "Task_title", "Task"."order" AS "Task_order", "Task"."description" AS "Task_description", "Task"."userId" AS "Task_userId", "Task"."boardId" AS "Task_boardId", "Task"."columnId" AS "Task_columnId", "Task"."id" AS "Task_id" FROM "task" "Task" WHERE "Task"."boardId" = $1 AND "Task"."id" = $2 LIMIT 1 -- PARAMETERS: ["bba47eda-dc05-495c-be65-aa030a8897ec","288f40f4-4752-4d53-81ee-5781c6619eb5"]
[2021-06-24T05:48:53.903Z][QUERY]: DELETE FROM "task" WHERE "id" = $1 -- PARAMETERS: ["288f40f4-4752-4d53-81ee-5781c6619eb5"]
[2021-06-24T05:48:53.906Z][QUERY]: SELECT "Task"."title" AS "Task_title", "Task"."order" AS "Task_order", "Task"."description" AS "Task_description", "Task"."userId" AS "Task_userId", "Task"."boardId" AS "Task_boardId", "Task"."columnId" AS "Task_columnId", "Task"."id" AS "Task_id" FROM "task" "Task" WHERE "Task"."boardId" = $1 AND "Task"."id" = $2 LIMIT 1 -- PARAMETERS: ["bba47eda-dc05-495c-be65-aa030a8897ec","288f40f4-4752-4d53-81ee-5781c6619eb5"]
[2021-06-24T05:48:53.910Z][QUERY]: DELETE FROM "board" WHERE "id" IN ($1) -- PARAMETERS: ["bba47eda-dc05-495c-be65-aa030a8897ec"]
[2021-06-24T05:48:54.059Z][QUERY]: SELECT "User"."name" AS "User_name", "User"."login" AS "User_login", "User"."password" AS "User_password", "User"."id" AS "User_id" FROM "user" "User"
[2021-06-24T05:48:54.065Z][QUERY]: START TRANSACTION
[2021-06-24T05:48:54.066Z][QUERY]: INSERT INTO "user"("name", "login", "password", "id") VALUES ($1, $2, $3, DEFAULT) RETURNING "name", "login", "password", "id" -- PARAMETERS: ["TEST_USER","test_user","T35t_P@55w0rd"]
[2021-06-24T05:48:54.067Z][QUERY]: COMMIT
[2021-06-24T05:48:54.071Z][QUERY]: SELECT "User"."name" AS "User_name", "User"."login" AS "User_login", "User"."password" AS "User_password", "User"."id" AS "User_id" FROM "user" "User" WHERE "User"."id" IN ($1) -- PARAMETERS: ["a8a60421-530d-4b98-8de0-b2ca11ca7b80"]
[2021-06-24T05:48:54.075Z][QUERY]: DELETE FROM "user" WHERE "id" IN ($1) -- PARAMETERS: ["a8a60421-530d-4b98-8de0-b2ca11ca7b80"]
[2021-06-24T05:48:54.079Z][QUERY]: START TRANSACTION
[2021-06-24T05:48:54.079Z][QUERY]: INSERT INTO "user"("name", "login", "password", "id") VALUES ($1, $2, $3, DEFAULT) RETURNING "name", "login", "password", "id" -- PARAMETERS: ["TEST_USER","test_user","T35t_P@55w0rd"]
[2021-06-24T05:48:54.080Z][QUERY]: COMMIT
[2021-06-24T05:48:54.084Z][QUERY]: DELETE FROM "user" WHERE "id" IN ($1) -- PARAMETERS: ["ba8ab4e6-99be-4798-9dc6-4696122ee762"]
[2021-06-24T05:48:54.087Z][QUERY]: START TRANSACTION
[2021-06-24T05:48:54.087Z][QUERY]: INSERT INTO "user"("name", "login", "password", "id") VALUES ($1, $2, $3, DEFAULT) RETURNING "name", "login", "password", "id" -- PARAMETERS: ["TEST_USER","test_user","T35t_P@55w0rd"]
[2021-06-24T05:48:54.089Z][QUERY]: COMMIT
[2021-06-24T05:48:54.093Z][QUERY]: SELECT "User"."name" AS "User_name", "User"."login" AS "User_login", "User"."password" AS "User_password", "User"."id" AS "User_id" FROM "user" "User" WHERE "User"."id" IN ($1) -- PARAMETERS: ["2ee5c3e9-f1a7-454f-9ec7-01633e011b9d"]
[2021-06-24T05:48:54.094Z][QUERY]: START TRANSACTION
[2021-06-24T05:48:54.095Z][QUERY]: UPDATE "user" SET "name" = $2 WHERE "id" IN ($1) -- PARAMETERS: ["2ee5c3e9-f1a7-454f-9ec7-01633e011b9d","Autotest updated TEST_USER"]
[2021-06-24T05:48:54.095Z][QUERY]: COMMIT
[2021-06-24T05:48:54.099Z][QUERY]: SELECT "User"."name" AS "User_name", "User"."login" AS "User_login", "User"."password" AS "User_password", "User"."id" AS "User_id" FROM "user" "User" WHERE "User"."id" IN ($1) -- PARAMETERS: ["2ee5c3e9-f1a7-454f-9ec7-01633e011b9d"]
[2021-06-24T05:48:54.103Z][QUERY]: DELETE FROM "user" WHERE "id" IN ($1) -- PARAMETERS: ["2ee5c3e9-f1a7-454f-9ec7-01633e011b9d"]
[2021-06-24T05:48:54.107Z][QUERY]: START TRANSACTION
[2021-06-24T05:48:54.108Z][QUERY]: INSERT INTO "user"("name", "login", "password", "id") VALUES ($1, $2, $3, DEFAULT) RETURNING "name", "login", "password", "id" -- PARAMETERS: ["TEST_USER","test_user","T35t_P@55w0rd"]
[2021-06-24T05:48:54.109Z][QUERY]: COMMIT
[2021-06-24T05:48:54.113Z][QUERY]: DELETE FROM "user" WHERE "id" IN ($1) -- PARAMETERS: ["5a98a50a-3357-4406-aea6-b29562823381"]
[2021-06-24T05:48:54.117Z][QUERY]: START TRANSACTION
[2021-06-24T05:48:54.117Z][QUERY]: INSERT INTO "user"("name", "login", "password", "id") VALUES ($1, $2, $3, DEFAULT) RETURNING "name", "login", "password", "id" -- PARAMETERS: ["TEST_USER","test_user","T35t_P@55w0rd"]
[2021-06-24T05:48:54.119Z][QUERY]: COMMIT
[2021-06-24T05:48:54.123Z][QUERY]: START TRANSACTION
[2021-06-24T05:48:54.123Z][QUERY]: INSERT INTO "board"("title", "id") VALUES ($1, DEFAULT) RETURNING "title", "id" -- PARAMETERS: ["Autotest board"]
[2021-06-24T05:48:54.125Z][QUERY]: INSERT INTO "column"("title", "order", "boardId", "id") VALUES ($1, $2, $3, DEFAULT), ($4, $5, $6, DEFAULT) RETURNING "title", "order", "id" -- PARAMETERS: ["Backlog",1,"3fd4813b-76c8-4e2e-be7a-27b2400c2c1e","Sprint",2,"3fd4813b-76c8-4e2e-be7a-27b2400c2c1e"]
[2021-06-24T05:48:54.126Z][QUERY]: COMMIT
[2021-06-24T05:48:54.131Z][QUERY]: START TRANSACTION
[2021-06-24T05:48:54.132Z][QUERY]: START TRANSACTION
[2021-06-24T05:48:54.132Z][QUERY]: INSERT INTO "task"("title", "order", "description", "userId", "boardId", "columnId", "id") VALUES ($1, $2, $3, $4, $5, DEFAULT, DEFAULT) RETURNING "title", "order", "description", "id" -- PARAMETERS: ["Task #1",1,"Lorem ipsum","eb79fd2b-df29-4493-a0a8-15d280cebfd5","3fd4813b-76c8-4e2e-be7a-27b2400c2c1e"]
[2021-06-24T05:48:54.133Z][QUERY]: INSERT INTO "task"("title", "order", "description", "userId", "boardId", "columnId", "id") VALUES ($1, $2, $3, $4, $5, DEFAULT, DEFAULT) RETURNING "title", "order", "description", "id" -- PARAMETERS: ["Task #2",2,"Lorem ipsum","eb79fd2b-df29-4493-a0a8-15d280cebfd5","3fd4813b-76c8-4e2e-be7a-27b2400c2c1e"]
[2021-06-24T05:48:54.134Z][QUERY]: COMMIT
[2021-06-24T05:48:54.134Z][QUERY]: COMMIT
[2021-06-24T05:48:54.138Z][QUERY]: DELETE FROM "user" WHERE "id" IN ($1) -- PARAMETERS: ["eb79fd2b-df29-4493-a0a8-15d280cebfd5"]
[2021-06-24T05:48:54.142Z][QUERY]: SELECT "Task"."title" AS "Task_title", "Task"."order" AS "Task_order", "Task"."description" AS "Task_description", "Task"."userId" AS "Task_userId", "Task"."boardId" AS "Task_boardId", "Task"."columnId" AS "Task_columnId", "Task"."id" AS "Task_id" FROM "task" "Task" WHERE "Task"."boardId" = $1 AND "Task"."id" = $2 LIMIT 1 -- PARAMETERS: ["3fd4813b-76c8-4e2e-be7a-27b2400c2c1e","7fdf8fcd-cee6-44b3-9443-6c93dc8f1c06"]
[2021-06-24T05:48:54.147Z][QUERY]: SELECT "Task"."title" AS "Task_title", "Task"."order" AS "Task_order", "Task"."description" AS "Task_description", "Task"."userId" AS "Task_userId", "Task"."boardId" AS "Task_boardId", "Task"."columnId" AS "Task_columnId", "Task"."id" AS "Task_id" FROM "task" "Task" WHERE "Task"."boardId" = $1 AND "Task"."id" = $2 LIMIT 1 -- PARAMETERS: ["3fd4813b-76c8-4e2e-be7a-27b2400c2c1e","69b26b95-a9c9-4ac3-a718-7fee40b6ee15"]
[2021-06-24T05:48:54.152Z][QUERY]: DELETE FROM "task" WHERE "id" = $1 -- PARAMETERS: ["7fdf8fcd-cee6-44b3-9443-6c93dc8f1c06"]
[2021-06-24T05:48:54.153Z][QUERY]: DELETE FROM "task" WHERE "id" = $1 -- PARAMETERS: ["69b26b95-a9c9-4ac3-a718-7fee40b6ee15"]
[2021-06-24T05:48:54.157Z][QUERY]: DELETE FROM "board" WHERE "id" IN ($1) -- PARAMETERS: ["3fd4813b-76c8-4e2e-be7a-27b2400c2c1e"]
