Caught exception: listen EADDRINUSE: address already in use :::4000
 Error: listen EADDRINUSE: address already in use :::4000
    at Server.setupListenHandle [as _listen2] (net.js:1318:16)
    at listenInCluster (net.js:1366:12)
    at Server.listen (net.js:1452:7)
    at Function.listen (D:\work\node\Express-REST-service\node_modules\express\lib\application.js:618:24)
    at Object.<anonymous> (D:\work\node\Express-REST-service\build\server.js:5:11)
    at Module._compile (internal/modules/cjs/loader.js:1063:30)
    at Object.Module._extensions..js (internal/modules/cjs/loader.js:1092:10)
    at Module.load (internal/modules/cjs/loader.js:928:32)
    at Function.Module._load (internal/modules/cjs/loader.js:769:14)
    at Function.executeUserEntryPoint [as runMain] (internal/modules/run_main.js:72:12)Error [ERR_HTTP_HEADERS_SENT]: Cannot set headers after they are sent to the client
    at ServerResponse.setHeader (_http_outgoing.js:558:11)
    at ServerResponse.header (D:\work\node\Express-REST-service\node_modules\express\lib\response.js:771:10)
    at ServerResponse.send (D:\work\node\Express-REST-service\node_modules\express\lib\response.js:170:12)
    at ServerResponse.json (D:\work\node\Express-REST-service\node_modules\express\lib\response.js:267:15)
    at D:\work\node\Express-REST-service\src\resources\users\user.router.ts:24:29
    at processTicksAndRejections (internal/process/task_queues.js:93:5)
Error [ERR_HTTP_HEADERS_SENT]: Cannot set headers after they are sent to the client
Error [ERR_HTTP_HEADERS_SENT]: Cannot set headers after they are sent to the client
    at ServerResponse.setHeader (_http_outgoing.js:558:11)
    at ServerResponse.header (D:\work\node\Express-REST-service\node_modules\express\lib\response.js:771:10)
    at ServerResponse.send (D:\work\node\Express-REST-service\node_modules\express\lib\response.js:170:12)
    at ServerResponse.json (D:\work\node\Express-REST-service\node_modules\express\lib\response.js:267:15)
    at D:\work\node\Express-REST-service\src\resources\users\user.router.ts:24:29
    at processTicksAndRejections (internal/process/task_queues.js:93:5)
Error [ERR_HTTP_HEADERS_SENT]: Cannot set headers after they are sent to the client
Error [ERR_HTTP_HEADERS_SENT]: Cannot set headers after they are sent to the client
    at ServerResponse.setHeader (_http_outgoing.js:558:11)
    at ServerResponse.header (D:\work\node\Express-REST-service\node_modules\express\lib\response.js:771:10)
    at ServerResponse.send (D:\work\node\Express-REST-service\node_modules\express\lib\response.js:170:12)
    at ServerResponse.json (D:\work\node\Express-REST-service\node_modules\express\lib\response.js:267:15)
    at D:\work\node\Express-REST-service\src\resources\users\user.router.ts:24:29
    at processTicksAndRejections (internal/process/task_queues.js:93:5)
Error [ERR_HTTP_HEADERS_SENT]: Cannot set headers after they are sent to the client
Error [ERR_HTTP_HEADERS_SENT]: Cannot set headers after they are sent to the client
    at ServerResponse.setHeader (_http_outgoing.js:558:11)
    at ServerResponse.header (D:\work\node\Express-REST-service\node_modules\express\lib\response.js:771:10)
    at ServerResponse.send (D:\work\node\Express-REST-service\node_modules\express\lib\response.js:170:12)
    at ServerResponse.json (D:\work\node\Express-REST-service\node_modules\express\lib\response.js:267:15)
    at D:\work\node\Express-REST-service\src\resources\users\user.router.ts:24:29
    at processTicksAndRejections (internal/process/task_queues.js:93:5)
Error [ERR_HTTP_HEADERS_SENT]: Cannot set headers after they are sent to the client
Error [ERR_HTTP_HEADERS_SENT]: Cannot set headers after they are sent to the client
    at ServerResponse.setHeader (_http_outgoing.js:558:11)
    at ServerResponse.header (D:\work\node\Express-REST-service\node_modules\express\lib\response.js:771:10)
    at ServerResponse.send (D:\work\node\Express-REST-service\node_modules\express\lib\response.js:170:12)
    at ServerResponse.json (D:\work\node\Express-REST-service\node_modules\express\lib\response.js:267:15)
    at D:\work\node\Express-REST-service\src\resources\users\user.router.ts:24:29
    at processTicksAndRejections (internal/process/task_queues.js:93:5)
Error [ERR_HTTP_HEADERS_SENT]: Cannot set headers after they are sent to the client
Error [ERR_HTTP_HEADERS_SENT]: Cannot set headers after they are sent to the client
    at ServerResponse.setHeader (_http_outgoing.js:558:11)
    at ServerResponse.header (D:\work\node\Express-REST-service\node_modules\express\lib\response.js:771:10)
    at ServerResponse.send (D:\work\node\Express-REST-service\node_modules\express\lib\response.js:170:12)
    at ServerResponse.json (D:\work\node\Express-REST-service\node_modules\express\lib\response.js:267:15)
    at D:\work\node\Express-REST-service\src\resources\users\user.router.ts:24:29
    at processTicksAndRejections (internal/process/task_queues.js:93:5)
Error [ERR_HTTP_HEADERS_SENT]: Cannot set headers after they are sent to the client
