1624802178660 	Type: error 	POST 	403 	/login 	User not found. Bad password
1624802233666 	Type: error 	POST 	403 	/login 	User not found. Bad password
1624802267361 	Type: other 	GET 	500 	/users 	Internal Server Error
1624802281706 	Type: other 	GET 	500 	/users 	Internal Server Error
1624802283111 	Type: other 	GET 	500 	/users 	Internal Server Error
1624802317143 	Type: other 	GET 	500 	/users 	Internal Server Error
1624802339821 	Type: other 	GET 	500 	/users 	Internal Server Error
1624802364390 	Type: other 	GET 	500 	/users 	Internal Server Error
1624802959536 	Type: other 	GET 	500 	/users 	Internal Server Error
1624802960638 	Type: other 	GET 	500 	/users 	Internal Server Error
1624803373219 	Type: other 	GET 	500 	/users 	Internal Server Error
1624803390853 	Type: other 	GET 	500 	/users 	Internal Server Error
1624803401000 	Type: other 	GET 	500 	/users 	Internal Server Error
1624804549047 	Type: other 	GET 	500 	/users 	Internal Server Error
1624804952212 	Type: other 	GET 	500 	/users 	Internal Server Error
1624805327593 	Type: error 	POST 	403 	/login 	User not found. Bad password
1624805327594 	Type: error 	POST 	403 	/login 	User not found. Bad password
1624805327596 	Type: error 	POST 	403 	/login 	User not found. Bad password
1624805327603 	Type: other 	POST 	500 	/boards 	Internal Server Error
1624805327615 	Type: other 	POST 	500 	/boards 	Internal Server Error
1624805327616 	Type: other 	GET 	500 	/users 	Internal Server Error
1624805327618 	Type: other 	POST 	500 	/boards/undefined/tasks 	Internal Server Error
1624805327652 	Type: other 	GET 	500 	/boards 	Internal Server Error
1624805327653 	Type: other 	GET 	500 	/boards/undefined/tasks 	Internal Server Error
1624805327654 	Type: other 	POST 	500 	/users 	Internal Server Error
1624805327661 	Type: other 	POST 	500 	/users 	Internal Server Error
1624805327666 	Type: other 	POST 	500 	/users 	Internal Server Error
1624805327670 	Type: other 	PUT 	500 	/users/undefined 	Internal Server Error
1624805327673 	Type: other 	POST 	500 	/users 	Internal Server Error
1624805327678 	Type: other 	DELETE 	500 	/users/undefined 	Internal Server Error
1624805327683 	Type: other 	GET 	500 	/boards 	Internal Server Error
1624805327689 	Type: other 	POST 	500 	/users 	Internal Server Error
1624805327690 	Type: other 	GET 	500 	/boards/undefined/tasks 	Internal Server Error
1624805327691 	Type: other 	POST 	500 	/boards 	Internal Server Error
1624805327696 	Type: other 	POST 	500 	/boards/undefined/tasks 	Internal Server Error
1624805327698 	Type: other 	POST 	500 	/boards 	Internal Server Error
1624805327701 	Type: other 	POST 	500 	/boards/undefined/tasks 	Internal Server Error
1624805327703 	Type: other 	PUT 	500 	/boards/undefined 	Internal Server Error
1624805327705 	Type: other 	PUT 	500 	/boards/undefined/tasks/undefined 	Internal Server Error
1624805327707 	Type: other 	POST 	500 	/boards 	Internal Server Error
1624805327709 	Type: other 	GET 	500 	/boards/undefined/tasks/undefined 	Internal Server Error
1624805327717 	Type: other 	POST 	500 	/boards 	Internal Server Error
1624805327720 	Type: other 	DELETE 	500 	/boards/undefined 	Internal Server Error
1624805327722 	Type: other 	DELETE 	500 	/boards/undefined 	Internal Server Error
